<?xml version="1.0" encoding="UTF-8"?>
<testsuite xmlns:xsi="http://www.w3.org/2001/XMLSchema-instance" xsi:noNamespaceSchemaLocation="https://maven.apache.org/surefire/maven-surefire-plugin/xsd/surefire-test-report.xsd" name="com.testApi.EmqTest" time="0.05" tests="2" errors="2" skipped="0" failures="0">
  <properties>
[...]
</properties>
  <testcase name="initializationError" classname="com.testApi.EmqTest" time="0.004">
    <error message="Method main() should not be static" type="java.lang.Exception">java.lang.Exception: Method main() should not be static
</error>
  </testcase>
  <testcase name="initializationError" classname="com.testApi.EmqTest" time="0">
    <error message="Method main should have no parameters" type="java.lang.Exception">java.lang.Exception: Method main should have no parameters
</error>
  </testcase>
</testsuite>